{"/Users/davidhildering/repos/schiphol/frontend-assignment/src/App.tsx": {"path":"/Users/davidhildering/repos/schiphol/frontend-assignment/src/App.tsx","statementMap":{"0":{"start":{"line":9,"column":71},"end":{"line":9,"column":null}},"1":{"start":{"line":11,"column":30},"end":{"line":20,"column":null}},"2":{"start":{"line":12,"column":8},"end":{"line":18,"column":null}},"3":{"start":{"line":13,"column":12},"end":{"line":16,"column":null}},"4":{"start":{"line":19,"column":8},"end":{"line":19,"column":null}},"5":{"start":{"line":22,"column":4},"end":{"line":32,"column":null}}},"fnMap":{"0":{"name":"App","decl":{"start":{"line":8,"column":9},"end":{"line":8,"column":15}},"loc":{"start":{"line":8,"column":15},"end":{"line":34,"column":null}}},"1":{"name":"(anonymous_1)","decl":{"start":{"line":11,"column":30},"end":{"line":11,"column":36}},"loc":{"start":{"line":11,"column":36},"end":{"line":20,"column":null}}}},"branchMap":{"0":{"loc":{"start":{"line":12,"column":8},"end":{"line":18,"column":null}},"type":"if","locations":[{"start":{"line":12,"column":8},"end":{"line":18,"column":null}},{"start":{},"end":{}}]},"1":{"loc":{"start":{"line":13,"column":19},"end":{"line":16,"column":null}},"type":"cond-expr","locations":[{"start":{"line":14,"column":16},"end":{"line":14,"column":null}},{"start":{"line":16,"column":16},"end":{"line":16,"column":null}}]}},"s":{"0":0,"1":0,"2":0,"3":0,"4":0,"5":0},"f":{"0":0,"1":0},"b":{"0":[0,0],"1":[0,0]}}
,"/Users/davidhildering/repos/schiphol/frontend-assignment/src/main.tsx": {"path":"/Users/davidhildering/repos/schiphol/frontend-assignment/src/main.tsx","statementMap":{"0":{"start":{"line":8,"column":21},"end":{"line":8,"column":null}},"1":{"start":{"line":9,"column":4},"end":{"line":9,"column":null}},"2":{"start":{"line":12,"column":0},"end":{"line":18,"column":null}},"3":{"start":{"line":13,"column":4},"end":{"line":17,"column":null}}},"fnMap":{"0":{"name":"deferRender","decl":{"start":{"line":7,"column":15},"end":{"line":7,"column":29}},"loc":{"start":{"line":7,"column":29},"end":{"line":10,"column":null}}},"1":{"name":"(anonymous_1)","decl":{"start":{"line":12,"column":19},"end":{"line":12,"column":25}},"loc":{"start":{"line":12,"column":25},"end":{"line":18,"column":1}}}},"branchMap":{},"s":{"0":0,"1":0,"2":0,"3":0},"f":{"0":0,"1":0},"b":{}}
,"/Users/davidhildering/repos/schiphol/frontend-assignment/src/components/dropdown/Dropdown.tsx": {"path":"/Users/davidhildering/repos/schiphol/frontend-assignment/src/components/dropdown/Dropdown.tsx","statementMap":{"0":{"start":{"line":11,"column":42},"end":{"line":24,"column":null}},"1":{"start":{"line":12,"column":4},"end":{"line":22,"column":null}},"2":{"start":{"line":15,"column":69},"end":{"line":15,"column":null}},"3":{"start":{"line":17,"column":20},"end":{"line":19,"column":null}}},"fnMap":{"0":{"name":"(anonymous_0)","decl":{"start":{"line":11,"column":42},"end":{"line":11,"column":43}},"loc":{"start":{"line":11,"column":84},"end":{"line":24,"column":null}}},"1":{"name":"(anonymous_1)","decl":{"start":{"line":15,"column":62},"end":{"line":15,"column":63}},"loc":{"start":{"line":15,"column":69},"end":{"line":15,"column":null}}},"2":{"name":"(anonymous_2)","decl":{"start":{"line":16,"column":29},"end":{"line":16,"column":30}},"loc":{"start":{"line":17,"column":20},"end":{"line":19,"column":null}}}},"branchMap":{},"s":{"0":2,"1":7,"2":1,"3":15},"f":{"0":7,"1":1,"2":15},"b":{}}
,"/Users/davidhildering/repos/schiphol/frontend-assignment/src/components/flightTable/FlightTable.tsx": {"path":"/Users/davidhildering/repos/schiphol/frontend-assignment/src/components/flightTable/FlightTable.tsx","statementMap":{"0":{"start":{"line":16,"column":48},"end":{"line":42,"column":null}},"1":{"start":{"line":17,"column":40},"end":{"line":17,"column":null}},"2":{"start":{"line":19,"column":26},"end":{"line":22,"column":null}},"3":{"start":{"line":24,"column":20},"end":{"line":26,"column":null}},"4":{"start":{"line":25,"column":8},"end":{"line":25,"column":null}},"5":{"start":{"line":28,"column":4},"end":{"line":40,"column":null}},"6":{"start":{"line":36,"column":37},"end":{"line":36,"column":null}},"7":{"start":{"line":38,"column":41},"end":{"line":38,"column":null}}},"fnMap":{"0":{"name":"(anonymous_0)","decl":{"start":{"line":16,"column":48},"end":{"line":16,"column":49}},"loc":{"start":{"line":16,"column":63},"end":{"line":42,"column":null}}},"1":{"name":"(anonymous_1)","decl":{"start":{"line":24,"column":20},"end":{"line":24,"column":21}},"loc":{"start":{"line":24,"column":37},"end":{"line":26,"column":null}}},"2":{"name":"(anonymous_2)","decl":{"start":{"line":36,"column":27},"end":{"line":36,"column":28}},"loc":{"start":{"line":36,"column":37},"end":{"line":36,"column":null}}},"3":{"name":"(anonymous_3)","decl":{"start":{"line":38,"column":31},"end":{"line":38,"column":32}},"loc":{"start":{"line":38,"column":41},"end":{"line":38,"column":null}}}},"branchMap":{},"s":{"0":1,"1":3,"2":3,"3":3,"4":0,"5":3,"6":4,"7":0},"f":{"0":3,"1":0,"2":4,"3":0},"b":{}}
,"/Users/davidhildering/repos/schiphol/frontend-assignment/src/components/header/Header.tsx": {"path":"/Users/davidhildering/repos/schiphol/frontend-assignment/src/components/header/Header.tsx","statementMap":{"0":{"start":{"line":8,"column":38},"end":{"line":14,"column":null}},"1":{"start":{"line":9,"column":2},"end":{"line":12,"column":null}}},"fnMap":{"0":{"name":"(anonymous_0)","decl":{"start":{"line":8,"column":38},"end":{"line":8,"column":39}},"loc":{"start":{"line":8,"column":51},"end":{"line":14,"column":null}}}},"branchMap":{},"s":{"0":0,"1":0},"f":{"0":0},"b":{}}
,"/Users/davidhildering/repos/schiphol/frontend-assignment/src/components/input/Input.tsx": {"path":"/Users/davidhildering/repos/schiphol/frontend-assignment/src/components/input/Input.tsx","statementMap":{"0":{"start":{"line":11,"column":36},"end":{"line":25,"column":null}},"1":{"start":{"line":12,"column":2},"end":{"line":23,"column":null}},"2":{"start":{"line":20,"column":25},"end":{"line":20,"column":null}}},"fnMap":{"0":{"name":"(anonymous_0)","decl":{"start":{"line":11,"column":36},"end":{"line":11,"column":37}},"loc":{"start":{"line":11,"column":91},"end":{"line":25,"column":null}}},"1":{"name":"(anonymous_1)","decl":{"start":{"line":20,"column":18},"end":{"line":20,"column":19}},"loc":{"start":{"line":20,"column":25},"end":{"line":20,"column":null}}}},"branchMap":{"0":{"loc":{"start":{"line":14,"column":7},"end":{"line":14,"column":null}},"type":"binary-expr","locations":[{"start":{"line":14,"column":7},"end":{"line":14,"column":16}},{"start":{"line":14,"column":16},"end":{"line":14,"column":null}}]},"1":{"loc":{"start":{"line":22,"column":7},"end":{"line":22,"column":null}},"type":"binary-expr","locations":[{"start":{"line":22,"column":7},"end":{"line":22,"column":32}},{"start":{"line":22,"column":32},"end":{"line":22,"column":null}}]}},"s":{"0":0,"1":0,"2":0},"f":{"0":0,"1":0},"b":{"0":[0,0],"1":[0,0]}}
,"/Users/davidhildering/repos/schiphol/frontend-assignment/src/components/layout/Layout.tsx": {"path":"/Users/davidhildering/repos/schiphol/frontend-assignment/src/components/layout/Layout.tsx","statementMap":{"0":{"start":{"line":8,"column":38},"end":{"line":10,"column":null}},"1":{"start":{"line":9,"column":2},"end":{"line":9,"column":null}}},"fnMap":{"0":{"name":"(anonymous_0)","decl":{"start":{"line":8,"column":38},"end":{"line":8,"column":39}},"loc":{"start":{"line":8,"column":56},"end":{"line":10,"column":null}}}},"branchMap":{},"s":{"0":0,"1":0},"f":{"0":0},"b":{}}
,"/Users/davidhildering/repos/schiphol/frontend-assignment/src/components/table/Table.tsx": {"path":"/Users/davidhildering/repos/schiphol/frontend-assignment/src/components/table/Table.tsx","statementMap":{"0":{"start":{"line":13,"column":14},"end":{"line":34,"column":null}},"1":{"start":{"line":14,"column":4},"end":{"line":32,"column":null}},"2":{"start":{"line":18,"column":20},"end":{"line":20,"column":null}},"3":{"start":{"line":24,"column":16},"end":{"line":30,"column":null}},"4":{"start":{"line":24,"column":77},"end":{"line":24,"column":null}},"5":{"start":{"line":26,"column":24},"end":{"line":28,"column":null}}},"fnMap":{"0":{"name":"(anonymous_0)","decl":{"start":{"line":13,"column":14},"end":{"line":13,"column":20}},"loc":{"start":{"line":13,"column":87},"end":{"line":34,"column":null}}},"1":{"name":"(anonymous_1)","decl":{"start":{"line":17,"column":40},"end":{"line":17,"column":41}},"loc":{"start":{"line":18,"column":20},"end":{"line":20,"column":null}}},"2":{"name":"(anonymous_2)","decl":{"start":{"line":23,"column":30},"end":{"line":23,"column":31}},"loc":{"start":{"line":24,"column":16},"end":{"line":30,"column":null}}},"3":{"name":"(anonymous_3)","decl":{"start":{"line":24,"column":71},"end":{"line":24,"column":77}},"loc":{"start":{"line":24,"column":77},"end":{"line":24,"column":null}}},"4":{"name":"(anonymous_4)","decl":{"start":{"line":25,"column":33},"end":{"line":25,"column":34}},"loc":{"start":{"line":26,"column":24},"end":{"line":28,"column":null}}}},"branchMap":{"0":{"loc":{"start":{"line":17,"column":17},"end":{"line":21,"column":null}},"type":"binary-expr","locations":[{"start":{"line":17,"column":17},"end":{"line":17,"column":28}},{"start":{"line":17,"column":28},"end":{"line":21,"column":null}}]},"1":{"loc":{"start":{"line":23,"column":13},"end":{"line":31,"column":null}},"type":"binary-expr","locations":[{"start":{"line":23,"column":13},"end":{"line":23,"column":21}},{"start":{"line":23,"column":21},"end":{"line":31,"column":null}}]},"2":{"loc":{"start":{"line":24,"column":77},"end":{"line":24,"column":null}},"type":"binary-expr","locations":[{"start":{"line":24,"column":77},"end":{"line":24,"column":91}},{"start":{"line":24,"column":91},"end":{"line":24,"column":null}}]}},"s":{"0":1,"1":3,"2":15,"3":4,"4":0,"5":20},"f":{"0":3,"1":15,"2":4,"3":0,"4":20},"b":{"0":[3,3],"1":[3,3],"2":[0,0]}}
,"/Users/davidhildering/repos/schiphol/frontend-assignment/src/data/headers.ts": {"path":"/Users/davidhildering/repos/schiphol/frontend-assignment/src/data/headers.ts","statementMap":{"0":{"start":{"line":1,"column":23},"end":{"line":7,"column":null}}},"fnMap":{},"branchMap":{},"s":{"0":1},"f":{},"b":{}}
,"/Users/davidhildering/repos/schiphol/frontend-assignment/src/hooks/useFlights.ts": {"path":"/Users/davidhildering/repos/schiphol/frontend-assignment/src/hooks/useFlights.ts","statementMap":{"0":{"start":{"line":4,"column":19},"end":{"line":47,"column":null}},"1":{"start":{"line":5,"column":34},"end":{"line":5,"column":null}},"2":{"start":{"line":6,"column":40},"end":{"line":8,"column":null}},"3":{"start":{"line":7,"column":8},"end":{"line":7,"column":null}},"4":{"start":{"line":11,"column":4},"end":{"line":13,"column":null}},"5":{"start":{"line":12,"column":8},"end":{"line":12,"column":null}},"6":{"start":{"line":16,"column":4},"end":{"line":20,"column":null}},"7":{"start":{"line":17,"column":8},"end":{"line":19,"column":null}},"8":{"start":{"line":18,"column":12},"end":{"line":18,"column":null}},"9":{"start":{"line":24,"column":25},"end":{"line":32,"column":null}},"10":{"start":{"line":25,"column":8},"end":{"line":31,"column":null}},"11":{"start":{"line":26,"column":29},"end":{"line":26,"column":null}},"12":{"start":{"line":27,"column":37},"end":{"line":27,"column":null}},"13":{"start":{"line":28,"column":12},"end":{"line":28,"column":null}},"14":{"start":{"line":30,"column":12},"end":{"line":30,"column":null}},"15":{"start":{"line":35,"column":37},"end":{"line":41,"column":null}},"16":{"start":{"line":36,"column":8},"end":{"line":40,"column":null}},"17":{"start":{"line":38,"column":16},"end":{"line":38,"column":null}},"18":{"start":{"line":40,"column":28},"end":{"line":40,"column":83}},"19":{"start":{"line":44,"column":40},"end":{"line":44,"column":null}},"20":{"start":{"line":46,"column":4},"end":{"line":46,"column":null}}},"fnMap":{"0":{"name":"(anonymous_0)","decl":{"start":{"line":4,"column":19},"end":{"line":4,"column":25}},"loc":{"start":{"line":4,"column":25},"end":{"line":47,"column":null}}},"1":{"name":"(anonymous_1)","decl":{"start":{"line":6,"column":49},"end":{"line":6,"column":55}},"loc":{"start":{"line":6,"column":55},"end":{"line":8,"column":5}}},"2":{"name":"(anonymous_2)","decl":{"start":{"line":11,"column":14},"end":{"line":11,"column":20}},"loc":{"start":{"line":11,"column":20},"end":{"line":13,"column":7}}},"3":{"name":"(anonymous_3)","decl":{"start":{"line":16,"column":14},"end":{"line":16,"column":20}},"loc":{"start":{"line":16,"column":20},"end":{"line":20,"column":7}}},"4":{"name":"(anonymous_4)","decl":{"start":{"line":24,"column":25},"end":{"line":24,"column":52}},"loc":{"start":{"line":24,"column":52},"end":{"line":32,"column":null}}},"5":{"name":"(anonymous_5)","decl":{"start":{"line":35,"column":37},"end":{"line":35,"column":38}},"loc":{"start":{"line":35,"column":80},"end":{"line":41,"column":null}}},"6":{"name":"(anonymous_6)","decl":{"start":{"line":37,"column":20},"end":{"line":37,"column":21}},"loc":{"start":{"line":38,"column":16},"end":{"line":38,"column":null}}},"7":{"name":"(anonymous_7)","decl":{"start":{"line":40,"column":18},"end":{"line":40,"column":19}},"loc":{"start":{"line":40,"column":28},"end":{"line":40,"column":83}}}},"branchMap":{"0":{"loc":{"start":{"line":7,"column":15},"end":{"line":7,"column":null}},"type":"binary-expr","locations":[{"start":{"line":7,"column":15},"end":{"line":7,"column":53}},{"start":{"line":7,"column":53},"end":{"line":7,"column":null}}]},"1":{"loc":{"start":{"line":17,"column":8},"end":{"line":19,"column":null}},"type":"if","locations":[{"start":{"line":17,"column":8},"end":{"line":19,"column":null}},{"start":{},"end":{}}]},"2":{"loc":{"start":{"line":17,"column":12},"end":{"line":17,"column":60}},"type":"binary-expr","locations":[{"start":{"line":17,"column":12},"end":{"line":17,"column":38}},{"start":{"line":17,"column":38},"end":{"line":17,"column":60}}]}},"s":{"0":1,"1":6,"2":6,"3":3,"4":6,"5":5,"6":6,"7":6,"8":3,"9":6,"10":3,"11":3,"12":3,"13":3,"14":0,"15":6,"16":6,"17":19,"18":1,"19":6,"20":6},"f":{"0":6,"1":3,"2":5,"3":6,"4":3,"5":6,"6":19,"7":1},"b":{"0":[3,2],"1":[3,3],"2":[6,4]}}
,"/Users/davidhildering/repos/schiphol/frontend-assignment/src/hooks/useTableSort.ts": {"path":"/Users/davidhildering/repos/schiphol/frontend-assignment/src/hooks/useTableSort.ts","statementMap":{"0":{"start":{"line":9,"column":21},"end":{"line":32,"column":null}},"1":{"start":{"line":10,"column":40},"end":{"line":10,"column":null}},"2":{"start":{"line":13,"column":23},"end":{"line":15,"column":null}},"3":{"start":{"line":14,"column":8},"end":{"line":14,"column":null}},"4":{"start":{"line":18,"column":26},"end":{"line":29,"column":null}},"5":{"start":{"line":19,"column":8},"end":{"line":19,"column":null}},"6":{"start":{"line":19,"column":25},"end":{"line":19,"column":null}},"7":{"start":{"line":20,"column":28},"end":{"line":20,"column":null}},"8":{"start":{"line":21,"column":8},"end":{"line":28,"column":null}},"9":{"start":{"line":22,"column":35},"end":{"line":22,"column":null}},"10":{"start":{"line":23,"column":12},"end":{"line":25,"column":null}},"11":{"start":{"line":24,"column":16},"end":{"line":24,"column":null}},"12":{"start":{"line":26,"column":35},"end":{"line":26,"column":null}},"13":{"start":{"line":27,"column":12},"end":{"line":27,"column":null}},"14":{"start":{"line":31,"column":4},"end":{"line":31,"column":null}}},"fnMap":{"0":{"name":"(anonymous_0)","decl":{"start":{"line":9,"column":21},"end":{"line":9,"column":22}},"loc":{"start":{"line":9,"column":44},"end":{"line":32,"column":null}}},"1":{"name":"(anonymous_1)","decl":{"start":{"line":13,"column":23},"end":{"line":13,"column":24}},"loc":{"start":{"line":13,"column":46},"end":{"line":15,"column":null}}},"2":{"name":"(anonymous_2)","decl":{"start":{"line":18,"column":34},"end":{"line":18,"column":40}},"loc":{"start":{"line":18,"column":40},"end":{"line":29,"column":7}}},"3":{"name":"(anonymous_3)","decl":{"start":{"line":21,"column":33},"end":{"line":21,"column":34}},"loc":{"start":{"line":21,"column":43},"end":{"line":28,"column":9}}}},"branchMap":{"0":{"loc":{"start":{"line":19,"column":8},"end":{"line":19,"column":null}},"type":"if","locations":[{"start":{"line":19,"column":8},"end":{"line":19,"column":null}},{"start":{},"end":{}}]},"1":{"loc":{"start":{"line":23,"column":12},"end":{"line":25,"column":null}},"type":"if","locations":[{"start":{"line":23,"column":12},"end":{"line":25,"column":null}},{"start":{},"end":{}}]},"2":{"loc":{"start":{"line":24,"column":23},"end":{"line":24,"column":null}},"type":"cond-expr","locations":[{"start":{"line":24,"column":53},"end":{"line":24,"column":70}},{"start":{"line":24,"column":70},"end":{"line":24,"column":null}}]},"3":{"loc":{"start":{"line":27,"column":19},"end":{"line":27,"column":null}},"type":"cond-expr","locations":[{"start":{"line":27,"column":49},"end":{"line":27,"column":66}},{"start":{"line":27,"column":66},"end":{"line":27,"column":null}}]}},"s":{"0":2,"1":6,"2":6,"3":1,"4":6,"5":6,"6":0,"7":6,"8":6,"9":13,"10":13,"11":8,"12":5,"13":5,"14":6},"f":{"0":6,"1":1,"2":6,"3":13},"b":{"0":[0,6],"1":[8,5],"2":[6,2],"3":[4,1]}}
,"/Users/davidhildering/repos/schiphol/frontend-assignment/src/utils/utils.ts": {"path":"/Users/davidhildering/repos/schiphol/frontend-assignment/src/utils/utils.ts","statementMap":{"0":{"start":{"line":4,"column":37},"end":{"line":9,"column":null}},"1":{"start":{"line":5,"column":4},"end":{"line":7,"column":null}},"2":{"start":{"line":6,"column":8},"end":{"line":6,"column":null}},"3":{"start":{"line":8,"column":4},"end":{"line":8,"column":null}}},"fnMap":{"0":{"name":"(anonymous_0)","decl":{"start":{"line":4,"column":37},"end":{"line":4,"column":38}},"loc":{"start":{"line":4,"column":68},"end":{"line":9,"column":null}}}},"branchMap":{"0":{"loc":{"start":{"line":5,"column":4},"end":{"line":7,"column":null}},"type":"if","locations":[{"start":{"line":5,"column":4},"end":{"line":7,"column":null}},{"start":{},"end":{}}]}},"s":{"0":2,"1":26,"2":5,"3":21},"f":{"0":26},"b":{"0":[5,21]}}
}
